#
# A fatal error has been detected by the Java Runtime Environment:
#
#  EXCEPTION_ACCESS_VIOLATION (0xc0000005) at pc=0x000000005be672af, pid=5580, tid=0x00000000000006e4
#
# JRE version: Java(TM) SE Runtime Environment (8.0_131-b11) (build 1.8.0_131-b11)
# Java VM: Java HotSpot(TM) 64-Bit Server VM (25.131-b11 mixed mode windows-amd64 compressed oops)
# Problematic frame:
# V  [jvm.dll+0x1e72af]
#
# Failed to write core dump. Minidumps are not enabled by default on client versions of Windows
#
# If you would like to submit a bug report, please visit:
#   http://bugreport.java.com/bugreport/crash.jsp
#

---------------  T H R E A D  ---------------

Current thread (0x0000000001d1e000):  JavaThread "main" [_thread_in_vm, id=1764, stack(0x00000000024c0000,0x00000000025c0000)]

siginfo: ExceptionCode=0xc0000005, reading address 0x0000000000000010

Registers:
RAX=0x0000000001d1e000, RBX=0x0000000001d1e000, RCX=0x000000000000000b, RDX=0x00000000025bf880
RSP=0x00000000025bf7a0, RBP=0x00000000025bf850, RSI=0x0000000000000020, RDI=0x0000000000000010
R8 =0x0000000000000010, R9 =0x0000000001bf6f00, R10=0x00000000026a7f28, R11=0x000000005beabd80
R12=0x0000000000000000, R13=0x0000000056a794e0, R14=0x00000000025bf880, R15=0x0000000001d1e000
RIP=0x000000005be672af, EFLAGS=0x0000000000010246

Top of Stack: (sp=0x00000000025bf7a0)
0x00000000025bf7a0:   0000000001d1d930 0000000001d1e000
0x00000000025bf7b0:   0000000056a794e0 0000000000000020
0x00000000025bf7c0:   0000000002697d80 00000000026a7f54
0x00000000025bf7d0:   0000000056a794e0 00000000025bf850
0x00000000025bf7e0:   0000000000000020 0000000056a794e0
0x00000000025bf7f0:   0000000000000020 0000000001d1e000
0x00000000025bf800:   00000000025bf920 00000000026a7c82
0x00000000025bf810:   00000000025bf810 0000000056a794e0
0x00000000025bf820:   00000000025bf880 0000000056aa5348
0x00000000025bf830:   0000000000000000 0000000056a794e0
0x00000000025bf840:   0000000000000000 00000000025bf870
0x00000000025bf850:   00000000025bf8d0 0000000002697d80
0x00000000025bf860:   0000000000000000 00000000026a19b6
0x00000000025bf870:   0000000000000010 0000000001d1e000
0x00000000025bf880:   00000000d5f089a0 00000000d5f5ba88
0x00000000025bf890:   00000000025bf890 0000000056e004f6 

Instructions: (pc=0x000000005be672af)
0x000000005be6728f:   bb 05 00 c7 83 70 02 00 00 06 00 00 00 8b 0d a6
0x000000005be6729f:   b5 5c 00 ff 15 48 51 3f 00 c6 80 94 02 00 00 01
0x000000005be672af:   8b 2f c6 80 94 02 00 00 00 48 8b 7b 48 48 8b 47
0x000000005be672bf:   10 48 8b 77 08 48 83 38 00 74 15 48 8b 57 28 48 


Register to memory mapping:

RAX=0x0000000001d1e000 is a thread
RBX=0x0000000001d1e000 is a thread
RCX=0x000000000000000b is an unknown value
RDX=0x00000000025bf880 is pointing into the stack for thread: 0x0000000001d1e000
RSP=0x00000000025bf7a0 is pointing into the stack for thread: 0x0000000001d1e000
RBP=0x00000000025bf850 is pointing into the stack for thread: 0x0000000001d1e000
RSI=0x0000000000000020 is an unknown value
RDI=0x0000000000000010 is an unknown value
R8 =0x0000000000000010 is an unknown value
R9 =0x0000000001bf6f00 is an unknown value
R10=0x00000000026a7f28 is at code_begin+840 in an Interpreter codelet
method entry point (kind = native)  [0x00000000026a7be0, 0x00000000026a8540]  2400 bytes
R11=0x000000005beabd80 is an unknown value
R12=0x0000000000000000 is an unknown value
R13={method} {0x0000000056a794e8} 'getInt' '(J)I' in 'sun/misc/Unsafe'
R14=0x00000000025bf880 is pointing into the stack for thread: 0x0000000001d1e000
R15=0x0000000001d1e000 is a thread


Stack: [0x00000000024c0000,0x00000000025c0000],  sp=0x00000000025bf7a0,  free space=1021k
Native frames: (J=compiled Java code, j=interpreted, Vv=VM code, C=native code)
V  [jvm.dll+0x1e72af]
C  0x00000000026a7f54

Java frames: (J=compiled Java code, j=interpreted, Vv=VM code)
j  sun.misc.Unsafe.getInt(J)I+0
j  simplejava.cas.UnsafeTest.main([Ljava/lang/String;)V+62
v  ~StubRoutines::call_stub

---------------  P R O C E S S  ---------------

Java Threads: ( => current thread )
  0x000000005875a800 JavaThread "Service Thread" daemon [_thread_blocked, id=5584, stack(0x0000000059410000,0x0000000059510000)]
  0x00000000586db800 JavaThread "C1 CompilerThread2" daemon [_thread_blocked, id=5260, stack(0x0000000059230000,0x0000000059330000)]
  0x00000000586da800 JavaThread "C2 CompilerThread1" daemon [_thread_blocked, id=4976, stack(0x0000000058dc0000,0x0000000058ec0000)]
  0x00000000573ff000 JavaThread "C2 CompilerThread0" daemon [_thread_blocked, id=5300, stack(0x0000000058f60000,0x0000000059060000)]
  0x00000000573fe000 JavaThread "Attach Listener" daemon [_thread_blocked, id=5852, stack(0x0000000058af0000,0x0000000058bf0000)]
  0x00000000586d3800 JavaThread "Signal Dispatcher" daemon [_thread_blocked, id=2128, stack(0x0000000058cb0000,0x0000000058db0000)]
  0x00000000573d7000 JavaThread "Finalizer" daemon [_thread_blocked, id=2584, stack(0x00000000585c0000,0x00000000586c0000)]
  0x0000000057395800 JavaThread "Reference Handler" daemon [_thread_blocked, id=5096, stack(0x00000000582e0000,0x00000000583e0000)]
=>0x0000000001d1e000 JavaThread "main" [_thread_in_vm, id=1764, stack(0x00000000024c0000,0x00000000025c0000)]

Other Threads:
  0x000000005738e000 VMThread [stack: 0x0000000058440000,0x0000000058540000] [id=6008]
  0x000000005878d000 WatcherThread [stack: 0x00000000590f0000,0x00000000591f0000] [id=2336]

VM state:not at safepoint (normal execution)

VM Mutex/Monitor currently owned by a thread: None

Heap:
 PSYoungGen      total 38400K, used 1997K [0x00000000d5f00000, 0x00000000d8980000, 0x0000000100000000)
  eden space 33280K, 6% used [0x00000000d5f00000,0x00000000d60f3668,0x00000000d7f80000)
  from space 5120K, 0% used [0x00000000d8480000,0x00000000d8480000,0x00000000d8980000)
  to   space 5120K, 0% used [0x00000000d7f80000,0x00000000d7f80000,0x00000000d8480000)
 ParOldGen       total 87552K, used 0K [0x0000000081c00000, 0x0000000087180000, 0x00000000d5f00000)
  object space 87552K, 0% used [0x0000000081c00000,0x0000000081c00000,0x0000000087180000)
 Metaspace       used 2611K, capacity 4486K, committed 4864K, reserved 1056768K
  class space    used 290K, capacity 386K, committed 512K, reserved 1048576K

Card table byte_map: [0x0000000011a50000,0x0000000011e50000] byte_map_base: 0x0000000011642000

Marking Bits: (ParMarkBitMap*) 0x000000005c49c720
 Begin Bits: [0x00000000126e0000, 0x0000000014670000)
 End Bits:   [0x0000000014670000, 0x0000000016600000)

Polling page: 0x0000000000320000

CodeCache: size=245760Kb used=1109Kb max_used=1109Kb free=244651Kb
 bounds [0x0000000002690000, 0x0000000002900000, 0x0000000011690000]
 total_blobs=261 nmethods=27 adapters=148
 compilation: enabled

Compilation events (10 events):
Event: 0.126 Thread 0x00000000586db800   25  s    3       java.lang.StringBuffer::append (13 bytes)
Event: 0.126 Thread 0x00000000586db800 nmethod 25 0x00000000027a29d0 code [0x00000000027a2b80, 0x00000000027a3298]
Event: 0.126 Thread 0x00000000586db800   19       3       java.lang.String::getChars (62 bytes)
Event: 0.126 Thread 0x00000000586db800 nmethod 19 0x00000000027a3650 code [0x00000000027a3800, 0x00000000027a3c38]
Event: 0.126 Thread 0x00000000586db800   23       3       java.lang.String::indexOf (7 bytes)
Event: 0.127 Thread 0x00000000586db800 nmethod 23 0x00000000027a3e50 code [0x00000000027a3fc0, 0x00000000027a41c8]
Event: 0.127 Thread 0x00000000586db800   26       3       java.lang.AbstractStringBuilder::append (50 bytes)
Event: 0.127 Thread 0x00000000586db800 nmethod 26 0x00000000027a4250 code [0x00000000027a4420, 0x00000000027a4b58]
Event: 0.130 Thread 0x00000000586db800   27       3       java.lang.System::getSecurityManager (4 bytes)
Event: 0.130 Thread 0x00000000586db800 nmethod 27 0x00000000027a5250 code [0x00000000027a53a0, 0x00000000027a54d0]

GC Heap History (0 events):
No events

Deoptimization events (0 events):
No events

Internal exceptions (2 events):
Event: 0.070 Thread 0x0000000001d1e000 Exception <a 'java/lang/NoSuchMethodError': Method sun.misc.Unsafe.defineClass(Ljava/lang/String;[BII)Ljava/lang/Class; name or signature does not match> (0x00000000d5f07ca8) thrown at [C:\re\workspace\8-2-build-windows-amd64-cygwin\jdk8u131\8869\hotspot\
Event: 0.070 Thread 0x0000000001d1e000 Exception <a 'java/lang/NoSuchMethodError': Method sun.misc.Unsafe.prefetchRead(Ljava/lang/Object;J)V name or signature does not match> (0x00000000d5f07f90) thrown at [C:\re\workspace\8-2-build-windows-amd64-cygwin\jdk8u131\8869\hotspot\src\share\vm\prims

Events (10 events):
Event: 0.129 loading class java/lang/Class$MethodArray
Event: 0.129 loading class java/lang/Class$MethodArray done
Event: 0.129 loading class java/lang/Void
Event: 0.130 loading class java/lang/Void done
Event: 0.130 loading class sun/reflect/UnsafeFieldAccessorFactory
Event: 0.130 loading class sun/reflect/UnsafeFieldAccessorFactory done
Event: 0.130 loading class sun/reflect/UnsafeQualifiedStaticObjectFieldAccessorImpl
Event: 0.130 loading class sun/reflect/UnsafeQualifiedStaticFieldAccessorImpl
Event: 0.130 loading class sun/reflect/UnsafeQualifiedStaticFieldAccessorImpl done
Event: 0.130 loading class sun/reflect/UnsafeQualifiedStaticObjectFieldAccessorImpl done


Dynamic libraries:
0x000000013fc40000 - 0x000000013fc77000 	C:\Program Files\Java\jre1.8.0_131\bin\javaw.exe
0x0000000077a10000 - 0x0000000077bba000 	C:\Windows\SYSTEM32\ntdll.dll
0x00000000777f0000 - 0x000000007790f000 	C:\Windows\system32\kernel32.dll
0x000007fefda50000 - 0x000007fefdaba000 	C:\Windows\system32\KERNELBASE.dll
0x000007feff1d0000 - 0x000007feff2ab000 	C:\Windows\system32\ADVAPI32.dll
0x000007fefdf90000 - 0x000007fefe02f000 	C:\Windows\system32\msvcrt.dll
0x000007feff390000 - 0x000007feff3af000 	C:\Windows\SYSTEM32\sechost.dll
0x000007fefe030000 - 0x000007fefe15d000 	C:\Windows\system32\RPCRT4.dll
0x0000000077910000 - 0x0000000077a0a000 	C:\Windows\system32\USER32.dll
0x000007feff400000 - 0x000007feff467000 	C:\Windows\system32\GDI32.dll
0x000007feff120000 - 0x000007feff12e000 	C:\Windows\system32\LPK.dll
0x000007feff6d0000 - 0x000007feff79a000 	C:\Windows\system32\USP10.dll
0x000007fefc000000 - 0x000007fefc1f4000 	C:\Windows\WinSxS\amd64_microsoft.windows.common-controls_6595b64144ccf1df_6.0.7601.17514_none_fa396087175ac9ac\COMCTL32.dll
0x000007feff840000 - 0x000007feff8b1000 	C:\Windows\system32\SHLWAPI.dll
0x000007feffbb0000 - 0x000007feffbde000 	C:\Windows\system32\IMM32.DLL
0x000007feff8c0000 - 0x000007feff9c9000 	C:\Windows\system32\MSCTF.dll
0x0000000068c90000 - 0x0000000068d62000 	C:\Program Files\Java\jre1.8.0_131\bin\msvcr100.dll
0x000000005bc80000 - 0x000000005c51c000 	C:\Program Files\Java\jre1.8.0_131\bin\server\jvm.dll
0x000007fef37b0000 - 0x000007fef37b9000 	C:\Windows\system32\WSOCK32.dll
0x000007feff3b0000 - 0x000007feff3fd000 	C:\Windows\system32\WS2_32.dll
0x000007feffbe0000 - 0x000007feffbe8000 	C:\Windows\system32\NSI.dll
0x000007fefb6d0000 - 0x000007fefb70b000 	C:\Windows\system32\WINMM.dll
0x000007fefcac0000 - 0x000007fefcacc000 	C:\Windows\system32\VERSION.dll
0x0000000077bd0000 - 0x0000000077bd7000 	C:\Windows\system32\PSAPI.DLL
0x0000000061150000 - 0x000000006115f000 	C:\Program Files\Java\jre1.8.0_131\bin\verify.dll
0x000000005d3a0000 - 0x000000005d3c9000 	C:\Program Files\Java\jre1.8.0_131\bin\java.dll
0x000000005d350000 - 0x000000005d366000 	C:\Program Files\Java\jre1.8.0_131\bin\zip.dll
0x000007fefe180000 - 0x000007fefef08000 	C:\Windows\system32\SHELL32.dll
0x000007fefef10000 - 0x000007feff113000 	C:\Windows\system32\ole32.dll
0x000007fefd960000 - 0x000007fefd96f000 	C:\Windows\system32\profapi.dll
0x000007fef9560000 - 0x000007fef9685000 	C:\Windows\system32\dbghelp.dll

VM Arguments:
jvm_args: -Dfile.encoding=UTF-8 
java_command: simplejava.cas.UnsafeTest
java_class_path (initial): D:\project\Alg\bin;D:\project\Alg\libs\commons-io-2.4.jar;D:\project\Alg\libs\objenesis-2.6.jar;D:\project\Alg\libs\cglib-3.1.jar;D:\project\Alg\libs\asm-4.2.jar;D:\project\Alg\libs\asm-util-4.2.jar;D:\project\Alg\libs\jedis-2.9.0.jar;D:\project\Alg\libs\mysql-connector-java-5.1.40.jar;D:\project\Alg\libs\spring-jdbc-4.2.6.RELEASE.jar
Launcher Type: SUN_STANDARD

Environment Variables:
JAVA_HOME=C:\Program Files\Java\jdk1.8.0_131
CLASSPATH=C:\Program Files\Java\jdk1.8.0_131\lib\dt.jar;C:\Program Files\Java\jdk1.8.0_131\lib\tools.jar;
PATH=C:/Program Files/Java/jre1.8.0_131/bin/server;C:/Program Files/Java/jre1.8.0_131/bin;C:/Program Files/Java/jre1.8.0_131/lib/amd64;C:\ProgramData\Oracle\Java\javapath;C:\Windows\system32;C:\Windows;C:\Windows\System32\Wbem;C:\Windows\System32\WindowsPowerShell\v1.0\;C:\Program Files\Java\jdk1.8.0_131\bin;C:\Program Files\Java\jdk1.8.0_131\jre\bin;D:\Program Files\gradle-3.5\bin;D:\Program Files\apache-maven-3.5.0\bin;D:\Python27;D:\Python27\Scripts;D:\Program Files\Git\cmd;;D:\Program Files\eclipse-luna;
USERNAME= 
OS=Windows_NT
PROCESSOR_IDENTIFIER=Intel64 Family 6 Model 94 Stepping 3, GenuineIntel



---------------  S Y S T E M  ---------------

OS: Windows 7 , 64 bit Build 7601 (6.1.7601.23677)

CPU:total 4 (initial active 4) (2 cores per cpu, 2 threads per core) family 6 model 94 stepping 3, cmov, cx8, fxsr, mmx, sse, sse2, sse3, ssse3, sse4.1, sse4.2, popcnt, avx, avx2, aes, clmul, erms, 3dnowpref, lzcnt, ht, tsc, tscinvbit, bmi1, bmi2, adx

Memory: 4k page, physical 8265884k(5027504k free), swap 16529908k(12445176k free)

vm_info: Java HotSpot(TM) 64-Bit Server VM (25.131-b11) for windows-amd64 JRE (1.8.0_131-b11), built on Mar 15 2017 01:23:53 by "java_re" with MS VC++ 10.0 (VS2010)

time: Wed Apr 25 10:40:59 2018
elapsed time: 0 seconds (0d 0h 0m 0s)

